<?xml version="1.0" encoding="UTF-8"?>
<!-- Generated by org.testng.reporters.JUnitReportReporter -->
<testsuite skipped="3" hostname="DESKTOP-H3O127Q" name="regressionTests.RegressionCases" tests="4" failures="0" timestamp="01 May 2019 14:11:22 GMT" time="886.406" errors="0">
  <testcase name="Verify_DownloadedCSV_For_Existing_Version" time="886.406" classname="regressionTests.RegressionCases"/>
  <testcase name="Verify_Deleted_Offer_Is_Not_Present_In_CSV" classname="regressionTests.RegressionCases">
    <skipped/>
  </testcase> <!-- Verify_Deleted_Offer_Is_Not_Present_In_CSV -->
  <testcase name="Verify_DownloadedCSV_For_New_version" classname="regressionTests.RegressionCases">
    <skipped/>
  </testcase> <!-- Verify_DownloadedCSV_For_New_version -->
  <testcase name="Verify_RealTimeEvent_API_Response_For_NewEvent" classname="regressionTests.RegressionCases">
    <skipped/>
  </testcase> <!-- Verify_RealTimeEvent_API_Response_For_NewEvent -->
</testsuite> <!-- regressionTests.RegressionCases -->
