<?xml version="1.0" encoding="UTF-8"?>
<!-- Generated by org.testng.reporters.JUnitReportReporter -->
<testsuite skipped="0" hostname="DESKTOP-H3O127Q" name="regressionTests.download" tests="1" failures="0" timestamp="18 May 2019 03:01:25 GMT" time="708.878" errors="0">
  <testcase name="f" time="708.878" classname="regressionTests.download"/>
</testsuite> <!-- regressionTests.download -->
